[
  {
    "Plan": {
      "Node Type": "Merge Join",
      "Parallel Aware": false,
      "Async Capable": false,
      "Join Type": "Semi",
      "Startup Cost": 1.13,
      "Total Cost": 19118.15,
      "Plan Rows": 199980,
      "Plan Width": 25,
      "Actual Startup Time": 0.041,
      "Actual Total Time": 262.520,
      "Actual Rows": 200000,
      "Actual Loops": 1,
      "Output": ["table1.id1", "table1.id2", "table1.gen1", "table1.gen2"],
      "Inner Unique": false,
      "Merge Cond": "(table1.id1 = table2.id1)",
      "Shared Hit Blocks": 3001,
      "Shared Read Blocks": 0,
      "Shared Dirtied Blocks": 0,
      "Shared Written Blocks": 0,
      "Local Hit Blocks": 0,
      "Local Read Blocks": 0,
      "Local Dirtied Blocks": 0,
      "Local Written Blocks": 0,
      "Temp Read Blocks": 0,
      "Temp Written Blocks": 0,
      "Plans": [
        {
          "Node Type": "Index Scan",
          "Parent Relationship": "Outer",
          "Parallel Aware": false,
          "Async Capable": false,
          "Scan Direction": "Forward",
          "Index Name": "table1_pkey",
          "Relation Name": "table1",
          "Schema": "public",
          "Alias": "table1",
          "Startup Cost": 0.42,
          "Total Cost": 9470.98,
          "Plan Rows": 200000,
          "Plan Width": 25,
          "Actual Startup Time": 0.016,
          "Actual Total Time": 69.767,
          "Actual Rows": 200000,
          "Actual Loops": 1,
          "Output": ["table1.id1", "table1.id2", "table1.gen1", "table1.gen2"],
          "Shared Hit Blocks": 2231,
          "Shared Read Blocks": 0,
          "Shared Dirtied Blocks": 0,
          "Shared Written Blocks": 0,
          "Local Hit Blocks": 0,
          "Local Read Blocks": 0,
          "Local Dirtied Blocks": 0,
          "Local Written Blocks": 0,
          "Temp Read Blocks": 0,
          "Temp Written Blocks": 0
        },
        {
          "Node Type": "Index Only Scan",
          "Parent Relationship": "Inner",
          "Parallel Aware": false,
          "Async Capable": false,
          "Scan Direction": "Forward",
          "Index Name": "table2_pkey",
          "Relation Name": "table2",
          "Schema": "public",
          "Alias": "table2",
          "Startup Cost": 0.42,
          "Total Cost": 13160.02,
          "Plan Rows": 399960,
          "Plan Width": 4,
          "Actual Startup Time": 0.019,
          "Actual Total Time": 51.525,
          "Actual Rows": 200000,
          "Actual Loops": 1,
          "Output": ["table2.id1", "table2.id2", "table2.gen1"],
          "Index Cond": "(table2.id2 > 1000)",
          "Rows Removed by Index Recheck": 0,
          "Heap Fetches": 0,
          "Shared Hit Blocks": 770,
          "Shared Read Blocks": 0,
          "Shared Dirtied Blocks": 0,
          "Shared Written Blocks": 0,
          "Local Hit Blocks": 0,
          "Local Read Blocks": 0,
          "Local Dirtied Blocks": 0,
          "Local Written Blocks": 0,
          "Temp Read Blocks": 0,
          "Temp Written Blocks": 0
        }
      ]
    },
    "Planning": {
      "Shared Hit Blocks": 21,
      "Shared Read Blocks": 0,
      "Shared Dirtied Blocks": 0,
      "Shared Written Blocks": 0,
      "Local Hit Blocks": 0,
      "Local Read Blocks": 0,
      "Local Dirtied Blocks": 0,
      "Local Written Blocks": 0,
      "Temp Read Blocks": 0,
      "Temp Written Blocks": 0
    },
    "Planning Time": 0.416,
    "Triggers": [
    ],
    "Execution Time": 281.493
  }
]