[
  {
    "Plan": {
      "Node Type": "Merge Join",
      "Parallel Aware": false,
      "Async Capable": false,
      "Join Type": "Inner",
      "Startup Cost": 1.24,
      "Total Cost": 18655.60,
      "Plan Rows": 200000,
      "Plan Width": 21,
      "Actual Startup Time": 0.045,
      "Actual Total Time": 230.552,
      "Actual Rows": 200000,
      "Actual Loops": 1,
      "Output": ["t1.id1", "t1.gen1", "t2.gen2"],
      "Inner Unique": false,
      "Merge Cond": "(t1.id1 = t2.id1)",
      "Shared Hit Blocks": 3001,
      "Shared Read Blocks": 0,
      "Shared Dirtied Blocks": 0,
      "Shared Written Blocks": 0,
      "Local Hit Blocks": 0,
      "Local Read Blocks": 0,
      "Local Dirtied Blocks": 0,
      "Local Written Blocks": 0,
      "Temp Read Blocks": 0,
      "Temp Written Blocks": 0,
      "Plans": [
        {
          "Node Type": "Index Only Scan",
          "Parent Relationship": "Outer",
          "Parallel Aware": false,
          "Async Capable": false,
          "Scan Direction": "Forward",
          "Index Name": "table1_pkey",
          "Relation Name": "table1",
          "Schema": "public",
          "Alias": "t1",
          "Startup Cost": 0.42,
          "Total Cost": 6088.42,
          "Plan Rows": 200000,
          "Plan Width": 10,
          "Actual Startup Time": 0.016,
          "Actual Total Time": 46.321,
          "Actual Rows": 200000,
          "Actual Loops": 1,
          "Output": ["t1.id1", "t1.id2", "t1.gen1"],
          "Heap Fetches": 0,
          "Shared Hit Blocks": 770,
          "Shared Read Blocks": 0,
          "Shared Dirtied Blocks": 0,
          "Shared Written Blocks": 0,
          "Local Hit Blocks": 0,
          "Local Read Blocks": 0,
          "Local Dirtied Blocks": 0,
          "Local Written Blocks": 0,
          "Temp Read Blocks": 0,
          "Temp Written Blocks": 0
        },
        {
          "Node Type": "Index Scan",
          "Parent Relationship": "Inner",
          "Parallel Aware": false,
          "Async Capable": false,
          "Scan Direction": "Forward",
          "Index Name": "table2_pkey",
          "Relation Name": "table2",
          "Schema": "public",
          "Alias": "t2",
          "Startup Cost": 0.42,
          "Total Cost": 18944.67,
          "Plan Rows": 400000,
          "Plan Width": 15,
          "Actual Startup Time": 0.023,
          "Actual Total Time": 63.024,
          "Actual Rows": 200001,
          "Actual Loops": 1,
          "Output": ["t2.id1", "t2.id2", "t2.gen1", "t2.gen2"],
          "Shared Hit Blocks": 2231,
          "Shared Read Blocks": 0,
          "Shared Dirtied Blocks": 0,
          "Shared Written Blocks": 0,
          "Local Hit Blocks": 0,
          "Local Read Blocks": 0,
          "Local Dirtied Blocks": 0,
          "Local Written Blocks": 0,
          "Temp Read Blocks": 0,
          "Temp Written Blocks": 0
        }
      ]
    },
    "Planning": {
      "Shared Hit Blocks": 12,
      "Shared Read Blocks": 0,
      "Shared Dirtied Blocks": 0,
      "Shared Written Blocks": 0,
      "Local Hit Blocks": 0,
      "Local Read Blocks": 0,
      "Local Dirtied Blocks": 0,
      "Local Written Blocks": 0,
      "Temp Read Blocks": 0,
      "Temp Written Blocks": 0
    },
    "Planning Time": 0.424,
    "Triggers": [
    ],
    "Execution Time": 245.812
  }
]