[
  {
    "Plan": {
      "Node Type": "Aggregate",
      "Strategy": "Sorted",
      "Partial Mode": "Finalize",
      "Parallel Aware": false,
      "Async Capable": false,
      "Startup Cost": 4226.98,
      "Total Cost": 4228.28,
      "Plan Rows": 10,
      "Plan Width": 14,
      "Actual Startup Time": 140.827,
      "Actual Total Time": 174.972,
      "Actual Rows": 10,
      "Actual Loops": 1,
      "Output": ["gen1", "count(*)"],
      "Group Key": ["table1.gen1"],
      "Shared Hit Blocks": 1470,
      "Shared Read Blocks": 0,
      "Shared Dirtied Blocks": 0,
      "Shared Written Blocks": 0,
      "Local Hit Blocks": 0,
      "Local Read Blocks": 0,
      "Local Dirtied Blocks": 0,
      "Local Written Blocks": 0,
      "Temp Read Blocks": 0,
      "Temp Written Blocks": 0,
      "Plans": [
        {
          "Node Type": "Gather Merge",
          "Parent Relationship": "Outer",
          "Parallel Aware": false,
          "Async Capable": false,
          "Startup Cost": 4226.98,
          "Total Cost": 4228.13,
          "Plan Rows": 10,
          "Plan Width": 14,
          "Actual Startup Time": 140.813,
          "Actual Total Time": 174.949,
          "Actual Rows": 20,
          "Actual Loops": 1,
          "Output": ["gen1", "(PARTIAL count(*))"],
          "Workers Planned": 1,
          "Workers Launched": 1,
          "Shared Hit Blocks": 1470,
          "Shared Read Blocks": 0,
          "Shared Dirtied Blocks": 0,
          "Shared Written Blocks": 0,
          "Local Hit Blocks": 0,
          "Local Read Blocks": 0,
          "Local Dirtied Blocks": 0,
          "Local Written Blocks": 0,
          "Temp Read Blocks": 0,
          "Temp Written Blocks": 0,
          "Plans": [
            {
              "Node Type": "Sort",
              "Parent Relationship": "Outer",
              "Parallel Aware": false,
              "Async Capable": false,
              "Startup Cost": 3226.97,
              "Total Cost": 3227.00,
              "Plan Rows": 10,
              "Plan Width": 14,
              "Actual Startup Time": 83.365,
              "Actual Total Time": 83.367,
              "Actual Rows": 10,
              "Actual Loops": 2,
              "Output": ["gen1", "(PARTIAL count(*))"],
              "Sort Key": ["table1.gen1"],
              "Sort Method": "quicksort",
              "Sort Space Used": 25,
              "Sort Space Type": "Memory",
              "Shared Hit Blocks": 1470,
              "Shared Read Blocks": 0,
              "Shared Dirtied Blocks": 0,
              "Shared Written Blocks": 0,
              "Local Hit Blocks": 0,
              "Local Read Blocks": 0,
              "Local Dirtied Blocks": 0,
              "Local Written Blocks": 0,
              "Temp Read Blocks": 0,
              "Temp Written Blocks": 0,
              "Workers": [
                {
                  "Worker Number": 0,
                  "Actual Startup Time": 26.919,
                  "Actual Total Time": 26.922,
                  "Actual Rows": 10,
                  "Actual Loops": 1,
                  "Sort Method": "quicksort",
                  "Sort Space Used": 25,
                  "Sort Space Type": "Memory",
                  "Shared Hit Blocks": 267,
                  "Shared Read Blocks": 0,
                  "Shared Dirtied Blocks": 0,
                  "Shared Written Blocks": 0,
                  "Local Hit Blocks": 0,
                  "Local Read Blocks": 0,
                  "Local Dirtied Blocks": 0,
                  "Local Written Blocks": 0,
                  "Temp Read Blocks": 0,
                  "Temp Written Blocks": 0
                }
              ],
              "Plans": [
                {
                  "Node Type": "Aggregate",
                  "Strategy": "Hashed",
                  "Partial Mode": "Partial",
                  "Parent Relationship": "Outer",
                  "Parallel Aware": false,
                  "Async Capable": false,
                  "Startup Cost": 3226.71,
                  "Total Cost": 3226.81,
                  "Plan Rows": 10,
                  "Plan Width": 14,
                  "Actual Startup Time": 83.150,
                  "Actual Total Time": 83.154,
                  "Actual Rows": 10,
                  "Actual Loops": 2,
                  "Output": ["gen1", "PARTIAL count(*)"],
                  "Group Key": ["table1.gen1"],
                  "Planned Partitions": 0,
                  "HashAgg Batches": 1,
                  "Peak Memory Usage": 24,
                  "Disk Usage": 0,
                  "Shared Hit Blocks": 1462,
                  "Shared Read Blocks": 0,
                  "Shared Dirtied Blocks": 0,
                  "Shared Written Blocks": 0,
                  "Local Hit Blocks": 0,
                  "Local Read Blocks": 0,
                  "Local Dirtied Blocks": 0,
                  "Local Written Blocks": 0,
                  "Temp Read Blocks": 0,
                  "Temp Written Blocks": 0,
                  "Workers": [
                    {
                      "Worker Number": 0,
                      "Actual Startup Time": 26.581,
                      "Actual Total Time": 26.585,
                      "Actual Rows": 10,
                      "Actual Loops": 1,
                      "HashAgg Batches": 1,
                      "Peak Memory Usage": 24,
                      "Disk Usage": 0,
                      "Shared Hit Blocks": 259,
                      "Shared Read Blocks": 0,
                      "Shared Dirtied Blocks": 0,
                      "Shared Written Blocks": 0,
                      "Local Hit Blocks": 0,
                      "Local Read Blocks": 0,
                      "Local Dirtied Blocks": 0,
                      "Local Written Blocks": 0,
                      "Temp Read Blocks": 0,
                      "Temp Written Blocks": 0
                    }
                  ],
                  "Plans": [
                    {
                      "Node Type": "Seq Scan",
                      "Parent Relationship": "Outer",
                      "Parallel Aware": true,
                      "Async Capable": false,
                      "Relation Name": "table1",
                      "Schema": "public",
                      "Alias": "table1",
                      "Startup Cost": 0.00,
                      "Total Cost": 2638.47,
                      "Plan Rows": 117647,
                      "Plan Width": 6,
                      "Actual Startup Time": 0.020,
                      "Actual Total Time": 17.459,
                      "Actual Rows": 100000,
                      "Actual Loops": 2,
                      "Output": ["id1", "id2", "gen1", "gen2"],
                      "Shared Hit Blocks": 1462,
                      "Shared Read Blocks": 0,
                      "Shared Dirtied Blocks": 0,
                      "Shared Written Blocks": 0,
                      "Local Hit Blocks": 0,
                      "Local Read Blocks": 0,
                      "Local Dirtied Blocks": 0,
                      "Local Written Blocks": 0,
                      "Temp Read Blocks": 0,
                      "Temp Written Blocks": 0,
                      "Workers": [
                        {
                          "Worker Number": 0,
                          "Actual Startup Time": 0.026,
                          "Actual Total Time": 6.528,
                          "Actual Rows": 35207,
                          "Actual Loops": 1,
                          "Shared Hit Blocks": 259,
                          "Shared Read Blocks": 0,
                          "Shared Dirtied Blocks": 0,
                          "Shared Written Blocks": 0,
                          "Local Hit Blocks": 0,
                          "Local Read Blocks": 0,
                          "Local Dirtied Blocks": 0,
                          "Local Written Blocks": 0,
                          "Temp Read Blocks": 0,
                          "Temp Written Blocks": 0
                        }
                      ]
                    }
                  ]
                }
              ]
            }
          ]
        }
      ]
    },
    "Planning": {
      "Shared Hit Blocks": 8,
      "Shared Read Blocks": 0,
      "Shared Dirtied Blocks": 0,
      "Shared Written Blocks": 0,
      "Local Hit Blocks": 0,
      "Local Read Blocks": 0,
      "Local Dirtied Blocks": 0,
      "Local Written Blocks": 0,
      "Temp Read Blocks": 0,
      "Temp Written Blocks": 0
    },
    "Planning Time": 0.206,
    "Triggers": [
    ],
    "Execution Time": 175.079
  }
]